<?xml version="1.0" encoding="UTF-8"?>
<!-- Generated by org.testng.reporters.JUnitXMLReporter -->
<testsuite ignored="0" hostname="DESKTOP-0RIJ4K6" failures="0" tests="3" name="Default test" time="0.111" errors="0" timestamp="2023-12-25T12:09:35 IST">
  <testcase classname="Flipkartpractise.Test.DataProviderTest" name="MyTest" time="0.01"/>
  <testcase classname="Flipkartpractise.Test.DataProviderTest" name="MyTest" time="0.004"/>
  <testcase classname="Flipkartpractise.Test.DataProviderTest" name="MyTest" time="0.01"/>
</testsuite> <!-- Default test -->
